<?xml version="1.0" encoding="UTF-8"?>
<!-- Generated by org.testng.reporters.JUnitReportReporter -->
<testsuite skipped="0" hostname="vishal-pc" name="com.api.test.SimplePostTest" tests="1" failures="0" timestamp="02 Feb 2020 08:26:40 GMT" time="4.979" errors="0">
  <testcase name="registerCustomer" time="4.979" classname="com.api.test.SimplePostTest"/>
</testsuite> <!-- com.api.test.SimplePostTest -->
