<?xml version="1.0" encoding="UTF-8"?>
<!-- Generated by org.testng.reporters.JUnitReportReporter -->
<testsuite skipped="0" hostname="vishal-pc" name="com.api.test.SimpleGetTest" tests="1" failures="0" timestamp="01 Feb 2020 18:18:10 GMT" time="3.662" errors="0">
  <testcase name="GetWeatherDetails" time="3.662" classname="com.api.test.SimpleGetTest"/>
</testsuite> <!-- com.api.test.SimpleGetTest -->
